0>errors in directory c:\users\5g\desktop\projects\petalapi\base\busdrv\acpi\driver\amlinew
0>OACR: Command 'config base:amd64fre' failed

1>errors in directory c:\users\5g\desktop\projects\petalapi\base\busdrv\acpi\driver\acpisym
1>c:\users\5g\desktop\projects\petalapi\base\busdrv\acpi\driver\acpisym\sources(10) : error U1052: file 'c:\winddk\7600.16385.1\base\ntos\ntoskrnl.inc' not found
1>nmake.exe /nologo BUILDMSG=Stop. -i BUILD_PASS=PASS0 NOLINK=1 PASS0ONLY=1 MAKEDIR_RELATIVE_TO_BASEDIR= failed - rc = 2

1>errors in directory c:\users\5g\desktop\projects\petalapi\base\busdrv\acpi\driver\amlinew
1>c:\users\5g\desktop\projects\petalapi\base\busdrv\acpi\driver\amlinew\pch.h(9) : error C1083: Cannot open include file: 'ntos.h': No such file or directory
2>errors in directory c:\users\5g\desktop\projects\petalapi\base\busdrv\acpi\driver\shared
2>c:\users\5g\desktop\projects\petalapi\base\busdrv\acpi\driver\shared\pch.h(31) : error C1083: Cannot open include file: 'ntos.h': No such file or directory
1>c:\users\5g\desktop\projects\petalapi\base\busdrv\acpi\driver\amlinew\pch.h(9) : error C1083: Cannot open include file: 'ntos.h': No such file or directory
2>c:\users\5g\desktop\projects\petalapi\base\busdrv\acpi\driver\shared\pch.h(31) : error C1083: Cannot open include file: 'ntos.h': No such file or directory
2>c:\users\5g\desktop\projects\petalapi\base\busdrv\acpi\driver\shared\acpictl.c(29) : error C1083: Cannot open precompiled header file: 'c:\users\5g\desktop\projects\petalapi\base\busdrv\acpi\driver\shared\objfre_wnet_amd64\amd64\pch.pch': No such file or directory
2>c:\users\5g\desktop\projects\petalapi\base\busdrv\acpi\driver\shared\acpienbl.c(23) : error C1083: Cannot open precompiled header file: 'c:\users\5g\desktop\projects\petalapi\base\busdrv\acpi\driver\shared\objfre_wnet_amd64\amd64\pch.pch': No such file or directory
2>c:\users\5g\desktop\projects\petalapi\base\busdrv\acpi\driver\shared\acpigpio.c(13) : error C1083: Cannot open precompiled header file: 'c:\users\5g\desktop\projects\petalapi\base\busdrv\acpi\driver\shared\objfre_wnet_amd64\amd64\pch.pch': No such file or directory
2>c:\users\5g\desktop\projects\petalapi\base\busdrv\acpi\driver\shared\acpiinit.c(26) : error C1083: Cannot open precompiled header file: 'c:\users\5g\desktop\projects\petalapi\base\busdrv\acpi\driver\shared\objfre_wnet_amd64\amd64\pch.pch': No such file or directory
2>c:\users\5g\desktop\projects\petalapi\base\busdrv\acpi\driver\shared\acpiio.c(28) : error C1083: Cannot open precompiled header file: 'c:\users\5g\desktop\projects\petalapi\base\busdrv\acpi\driver\shared\objfre_wnet_amd64\amd64\pch.pch': No such file or directory
2>c:\users\5g\desktop\projects\petalapi\base\busdrv\acpi\driver\shared\acpilock.c(6) : error C1083: Cannot open precompiled header file: 'c:\users\5g\desktop\projects\petalapi\base\busdrv\acpi\driver\shared\objfre_wnet_amd64\amd64\pch.pch': No such file or directory
2>c:\users\5g\desktop\projects\petalapi\base\busdrv\acpi\driver\shared\acpintfy.c(25) : error C1083: Cannot open precompiled header file: 'c:\users\5g\desktop\projects\petalapi\base\busdrv\acpi\driver\shared\objfre_wnet_amd64\amd64\pch.pch': No such file or directory
2>c:\users\5g\desktop\projects\petalapi\base\busdrv\acpi\driver\shared\acpioprg.c(23) : error C1083: Cannot open precompiled header file: 'c:\users\5g\desktop\projects\petalapi\base\busdrv\acpi\driver\shared\objfre_wnet_amd64\amd64\pch.pch': No such file or directory
2>c:\users\5g\desktop\projects\petalapi\base\busdrv\acpi\driver\shared\acpisi.c(10) : error C1083: Cannot open precompiled header file: 'c:\users\5g\desktop\projects\petalapi\base\busdrv\acpi\driver\shared\objfre_wnet_amd64\amd64\pch.pch': No such file or directory
2>c:\users\5g\desktop\projects\petalapi\base\busdrv\acpi\driver\shared\acpiterm.c(23) : error C1083: Cannot open precompiled header file: 'c:\users\5g\desktop\projects\petalapi\base\busdrv\acpi\driver\shared\objfre_wnet_amd64\amd64\pch.pch': No such file or directory
2>c:\users\5g\desktop\projects\petalapi\base\busdrv\acpi\driver\shared\loaddsdt.c(27) : error C1083: Cannot open precompiled header file: 'c:\users\5g\desktop\projects\petalapi\base\busdrv\acpi\driver\shared\objfre_wnet_amd64\amd64\pch.pch': No such file or directory
2>c:\users\5g\desktop\projects\petalapi\base\busdrv\acpi\driver\shared\reg.c(27) : error C1083: Cannot open precompiled header file: 'c:\users\5g\desktop\projects\petalapi\base\busdrv\acpi\driver\shared\objfre_wnet_amd64\amd64\pch.pch': No such file or directory
1>c:\users\5g\desktop\projects\petalapi\base\busdrv\acpi\driver\amlinew\acpins.c(10) : error C1083: Cannot open precompiled header file: 'c:\users\5g\desktop\projects\petalapi\base\busdrv\acpi\driver\amlinew\objfre_wnet_amd64\amd64\pch.pch': No such file or directory
1>c:\users\5g\desktop\projects\petalapi\base\busdrv\acpi\driver\amlinew\amldebug.c(12) : error C1083: Cannot open precompiled header file: 'c:\users\5g\desktop\projects\petalapi\base\busdrv\acpi\driver\amlinew\objfre_wnet_amd64\amd64\pch.pch': No such file or directory
1>c:\users\5g\desktop\projects\petalapi\base\busdrv\acpi\driver\amlinew\amliapi.c(10) : error C1083: Cannot open precompiled header file: 'c:\users\5g\desktop\projects\petalapi\base\busdrv\acpi\driver\amlinew\objfre_wnet_amd64\amd64\pch.pch': No such file or directory
1>c:\users\5g\desktop\projects\petalapi\base\busdrv\acpi\driver\amlinew\amlihook.c(41) : error C1083: Cannot open precompiled header file: 'c:\users\5g\desktop\projects\petalapi\base\busdrv\acpi\driver\amlinew\objfre_wnet_amd64\amd64\pch.pch': No such file or directory
1>c:\users\5g\desktop\projects\petalapi\base\busdrv\acpi\driver\amlinew\amlitest.c(28) : error C1083: Cannot open precompiled header file: 'c:\users\5g\desktop\projects\petalapi\base\busdrv\acpi\driver\amlinew\objfre_wnet_amd64\amd64\pch.pch': No such file or directory
1>c:\users\5g\desktop\projects\petalapi\base\busdrv\acpi\driver\amlinew\ctxt.c(10) : error C1083: Cannot open precompiled header file: 'c:\users\5g\desktop\projects\petalapi\base\busdrv\acpi\driver\amlinew\objfre_wnet_amd64\amd64\pch.pch': No such file or directory
1>c:\users\5g\desktop\projects\petalapi\base\busdrv\acpi\driver\amlinew\cmdarg.c(13) : error C1083: Cannot open precompiled header file: 'c:\users\5g\desktop\projects\petalapi\base\busdrv\acpi\driver\amlinew\objfre_wnet_amd64\amd64\pch.pch': No such file or directory
1>c:\users\5g\desktop\projects\petalapi\base\busdrv\acpi\driver\amlinew\data.c(12) : error C1083: Cannot open precompiled header file: 'c:\users\5g\desktop\projects\petalapi\base\busdrv\acpi\driver\amlinew\objfre_wnet_amd64\amd64\pch.pch': No such file or directory
1>c:\users\5g\desktop\projects\petalapi\base\busdrv\acpi\driver\amlinew\debugger.c(12) : error C1083: Cannot open precompiled header file: 'c:\users\5g\desktop\projects\petalapi\base\busdrv\acpi\driver\amlinew\objfre_wnet_amd64\amd64\pch.pch': No such file or directory
1>c:\users\5g\desktop\projects\petalapi\base\busdrv\acpi\driver\amlinew\heap.c(10) : error C1083: Cannot open precompiled header file: 'c:\users\5g\desktop\projects\petalapi\base\busdrv\acpi\driver\amlinew\objfre_wnet_amd64\amd64\pch.pch': No such file or directory
1>c:\users\5g\desktop\projects\petalapi\base\busdrv\acpi\driver\amlinew\list.c(10) : error C1083: Cannot open precompiled header file: 'c:\users\5g\desktop\projects\petalapi\base\busdrv\acpi\driver\amlinew\objfre_wnet_amd64\amd64\pch.pch': No such file or directory
1>c:\users\5g\desktop\projects\petalapi\base\busdrv\acpi\driver\amlinew\misc.c(10) : error C1083: Cannot open precompiled header file: 'c:\users\5g\desktop\projects\petalapi\base\busdrv\acpi\driver\amlinew\objfre_wnet_amd64\amd64\pch.pch': No such file or directory
1>c:\users\5g\desktop\projects\petalapi\base\busdrv\acpi\driver\amlinew\namedobj.c(10) : error C1083: Cannot open precompiled header file: 'c:\users\5g\desktop\projects\petalapi\base\busdrv\acpi\driver\amlinew\objfre_wnet_amd64\amd64\pch.pch': No such file or directory
1>c:\users\5g\desktop\projects\petalapi\base\busdrv\acpi\driver\amlinew\nsmod.c(10) : error C1083: Cannot open precompiled header file: 'c:\users\5g\desktop\projects\petalapi\base\busdrv\acpi\driver\amlinew\objfre_wnet_amd64\amd64\pch.pch': No such file or directory
2>link : error LNK1181: cannot open input file 'c:\users\5g\desktop\projects\petalapi\base\busdrv\acpi\driver\shared\objfre_wnet_amd64\amd64\pch.obj'
1>c:\users\5g\desktop\projects\petalapi\base\busdrv\acpi\driver\amlinew\object.c(10) : error C1083: Cannot open precompiled header file: 'c:\users\5g\desktop\projects\petalapi\base\busdrv\acpi\driver\amlinew\objfre_wnet_amd64\amd64\pch.pch': No such file or directory
1>c:\users\5g\desktop\projects\petalapi\base\busdrv\acpi\driver\amlinew\parser.c(10) : error C1083: Cannot open precompiled header file: 'c:\users\5g\desktop\projects\petalapi\base\busdrv\acpi\driver\amlinew\objfre_wnet_amd64\amd64\pch.pch': No such file or directory
1>c:\users\5g\desktop\projects\petalapi\base\busdrv\acpi\driver\amlinew\sched.c(10) : error C1083: Cannot open precompiled header file: 'c:\users\5g\desktop\projects\petalapi\base\busdrv\acpi\driver\amlinew\objfre_wnet_amd64\amd64\pch.pch': No such file or directory
1>c:\users\5g\desktop\projects\petalapi\base\busdrv\acpi\driver\amlinew\sleep.c(25) : error C1083: Cannot open precompiled header file: 'c:\users\5g\desktop\projects\petalapi\base\busdrv\acpi\driver\amlinew\objfre_wnet_amd64\amd64\pch.pch': No such file or directory
1>c:\users\5g\desktop\projects\petalapi\base\busdrv\acpi\driver\amlinew\strlib.c(10) : error C1083: Cannot open precompiled header file: 'c:\users\5g\desktop\projects\petalapi\base\busdrv\acpi\driver\amlinew\objfre_wnet_amd64\amd64\pch.pch': No such file or directory
1>c:\users\5g\desktop\projects\petalapi\base\busdrv\acpi\driver\amlinew\sync.c(10) : error C1083: Cannot open precompiled header file: 'c:\users\5g\desktop\projects\petalapi\base\busdrv\acpi\driver\amlinew\objfre_wnet_amd64\amd64\pch.pch': No such file or directory
1>c:\users\5g\desktop\projects\petalapi\base\busdrv\acpi\driver\amlinew\trace.c(12) : error C1083: Cannot open precompiled header file: 'c:\users\5g\desktop\projects\petalapi\base\busdrv\acpi\driver\amlinew\objfre_wnet_amd64\amd64\pch.pch': No such file or directory
1>c:\users\5g\desktop\projects\petalapi\base\busdrv\acpi\driver\amlinew\type1op.c(10) : error C1083: Cannot open precompiled header file: 'c:\users\5g\desktop\projects\petalapi\base\busdrv\acpi\driver\amlinew\objfre_wnet_amd64\amd64\pch.pch': No such file or directory
1>c:\users\5g\desktop\projects\petalapi\base\busdrv\acpi\driver\amlinew\type2op.c(10) : error C1083: Cannot open precompiled header file: 'c:\users\5g\desktop\projects\petalapi\base\busdrv\acpi\driver\amlinew\objfre_wnet_amd64\amd64\pch.pch': No such file or directory
1>c:\users\5g\desktop\projects\petalapi\base\busdrv\acpi\driver\amlinew\uasmdata.c(12) : error C1083: Cannot open precompiled header file: 'c:\users\5g\desktop\projects\petalapi\base\busdrv\acpi\driver\amlinew\objfre_wnet_amd64\amd64\pch.pch': No such file or directory
1>c:\users\5g\desktop\projects\petalapi\base\busdrv\acpi\driver\amlinew\unasm.c(10) : error C1083: Cannot open precompiled header file: 'c:\users\5g\desktop\projects\petalapi\base\busdrv\acpi\driver\amlinew\objfre_wnet_amd64\amd64\pch.pch': No such file or directory
1>link : error LNK1181: cannot open input file 'c:\users\5g\desktop\projects\petalapi\base\busdrv\acpi\driver\amlinew\objfre_wnet_amd64\amd64\pch.obj'
2>c:\users\5g\desktop\projects\petalapi\base\busdrv\acpi\driver\acpisym\sources(10) : error U1052: file 'c:\winddk\7600.16385.1\base\ntos\ntoskrnl.inc' not found
2>nmake.exe /nologo BUILDMSG=Stop. -i BUILD_PASS=PASS1 NOLINK=1 NOPASS0=1 PASS1_NOLIB=1 MAKEDIR_RELATIVE_TO_BASEDIR= failed - rc = 2

1>errors in directory c:\users\5g\desktop\projects\petalapi\base\busdrv\acpi\driver\nt
1>c:\users\5g\desktop\projects\petalapi\base\busdrv\acpi\driver\nt\pch.h(31) : error C1083: Cannot open include file: 'ntos.h': No such file or directory
1>c:\users\5g\desktop\projects\petalapi\base\busdrv\acpi\driver\nt\pch.h(31) : error C1083: Cannot open include file: 'ntos.h': No such file or directory
